<?xml version="1.0" encoding="UTF-8"?>
<coverage generated="1750139163825" clover="3.2.0">
  <project timestamp="1750139163825" name="All files">
    <metrics statements="2371" coveredstatements="0" conditionals="4325" coveredconditionals="0" methods="2150" coveredmethods="0" elements="8846" coveredelements="0" complexity="0" loc="2371" ncloc="2371" packages="26" files="146" classes="146"/>
    <package name="fronted">
      <metrics statements="3" coveredstatements="0" conditionals="0" coveredconditionals="0" methods="0" coveredmethods="0"/>
      <file name="jest.config.js" path="/Users/macbook/Documents/auth-backend/fronted/jest.config.js">
        <metrics statements="1" coveredstatements="0" conditionals="0" coveredconditionals="0" methods="0" coveredmethods="0"/>
        <line num="1" count="0" type="stmt"/>
      </file>
      <file name="next-env.d.ts" path="/Users/macbook/Documents/auth-backend/fronted/next-env.d.ts">
        <metrics statements="0" coveredstatements="0" conditionals="0" coveredconditionals="0" methods="0" coveredmethods="0"/>
      </file>
      <file name="tailwind.config.ts" path="/Users/macbook/Documents/auth-backend/fronted/tailwind.config.ts">
        <metrics statements="2" coveredstatements="0" conditionals="0" coveredconditionals="0" methods="0" coveredmethods="0"/>
        <line num="3" count="0" type="stmt"/>
        <line num="96" count="0" type="stmt"/>
      </file>
    </package>
    <package name="fronted..next.server">
      <metrics statements="97" coveredstatements="0" conditionals="54" coveredconditionals="0" methods="34" coveredmethods="0"/>
      <file name="interception-route-rewrite-manifest.js" path="/Users/macbook/Documents/auth-backend/fronted/.next/server/interception-route-rewrite-manifest.js">
        <metrics statements="1" coveredstatements="0" conditionals="0" coveredconditionals="0" methods="0" coveredmethods="0"/>
        <line num="1" count="0" type="stmt"/>
      </file>
      <file name="middleware-build-manifest.js" path="/Users/macbook/Documents/auth-backend/fronted/.next/server/middleware-build-manifest.js">
        <metrics statements="2" coveredstatements="0" conditionals="0" coveredconditionals="0" methods="0" coveredmethods="0"/>
        <line num="1" count="0" type="stmt"/>
        <line num="18" count="0" type="stmt"/>
      </file>
      <file name="middleware-react-loadable-manifest.js" path="/Users/macbook/Documents/auth-backend/fronted/.next/server/middleware-react-loadable-manifest.js">
        <metrics statements="1" coveredstatements="0" conditionals="0" coveredconditionals="0" methods="0" coveredmethods="0"/>
        <line num="1" count="0" type="stmt"/>
      </file>
      <file name="next-font-manifest.js" path="/Users/macbook/Documents/auth-backend/fronted/.next/server/next-font-manifest.js">
        <metrics statements="1" coveredstatements="0" conditionals="0" coveredconditionals="0" methods="0" coveredmethods="0"/>
        <line num="1" count="0" type="stmt"/>
      </file>
      <file name="server-reference-manifest.js" path="/Users/macbook/Documents/auth-backend/fronted/.next/server/server-reference-manifest.js">
        <metrics statements="1" coveredstatements="0" conditionals="0" coveredconditionals="0" methods="0" coveredmethods="0"/>
        <line num="1" count="0" type="stmt"/>
      </file>
      <file name="webpack-runtime.js" path="/Users/macbook/Documents/auth-backend/fronted/.next/server/webpack-runtime.js">
        <metrics statements="91" coveredstatements="0" conditionals="54" coveredconditionals="0" methods="34" coveredmethods="0"/>
        <line num="9" count="0" type="stmt"/>
        <line num="11" count="0" type="stmt"/>
        <line num="14" count="0" type="stmt"/>
        <line num="19" count="0" type="stmt"/>
        <line num="20" count="0" type="cond" truecount="0" falsecount="2"/>
        <line num="21" count="0" type="stmt"/>
        <line num="24" count="0" type="stmt"/>
        <line num="31" count="0" type="stmt"/>
        <line num="32" count="0" type="stmt"/>
        <line num="33" count="0" type="stmt"/>
        <line num="34" count="0" type="stmt"/>
        <line num="36" count="0" type="cond" truecount="0" falsecount="2"/>
        <line num="40" count="0" type="stmt"/>
        <line num="43" count="0" type="stmt"/>
        <line num="47" count="0" type="stmt"/>
        <line num="51" count="0" type="stmt"/>
        <line num="53" count="0" type="stmt"/>
        <line num="54" count="0" type="cond" truecount="0" falsecount="4"/>
        <line num="55" count="0" type="stmt"/>
        <line num="56" count="0" type="stmt"/>
        <line num="57" count="0" type="stmt"/>
        <line num="58" count="0" type="stmt"/>
        <line num="63" count="0" type="stmt"/>
        <line num="64" count="0" type="cond" truecount="0" falsecount="2"/>
        <line num="72" count="0" type="stmt"/>
        <line num="73" count="0" type="cond" truecount="0" falsecount="2"/>
        <line num="74" count="0" type="cond" truecount="0" falsecount="2"/>
        <line num="75" count="0" type="cond" truecount="0" falsecount="4"/>
        <line num="76" count="0" type="cond" truecount="0" falsecount="4"/>
        <line num="77" count="0" type="cond" truecount="0" falsecount="4"/>
        <line num="79" count="0" type="stmt"/>
        <line num="80" count="0" type="stmt"/>
        <line num="81" count="0" type="stmt"/>
        <line num="82" count="0" type="cond" truecount="0" falsecount="2"/>
        <line num="83" count="0" type="cond" truecount="0" falsecount="4"/>
        <line num="84" count="0" type="stmt"/>
        <line num="86" count="0" type="stmt"/>
        <line num="87" count="0" type="stmt"/>
        <line num="88" count="0" type="stmt"/>
        <line num="93" count="0" type="stmt"/>
        <line num="95" count="0" type="stmt"/>
        <line num="96" count="0" type="stmt"/>
        <line num="97" count="0" type="cond" truecount="0" falsecount="4"/>
        <line num="98" count="0" type="stmt"/>
        <line num="105" count="0" type="stmt"/>
        <line num="106" count="0" type="stmt"/>
        <line num="109" count="0" type="stmt"/>
        <line num="110" count="0" type="stmt"/>
        <line num="111" count="0" type="stmt"/>
        <line num="112" count="0" type="stmt"/>
        <line num="118" count="0" type="stmt"/>
        <line num="120" count="0" type="stmt"/>
        <line num="122" count="0" type="stmt"/>
        <line num="127" count="0" type="stmt"/>
        <line num="128" count="0" type="stmt"/>
        <line num="132" count="0" type="stmt"/>
        <line num="133" count="0" type="stmt"/>
        <line num="137" count="0" type="stmt"/>
        <line num="139" count="0" type="stmt"/>
        <line num="140" count="0" type="cond" truecount="0" falsecount="4"/>
        <line num="141" count="0" type="stmt"/>
        <line num="143" count="0" type="stmt"/>
        <line num="148" count="0" type="stmt"/>
        <line num="149" count="0" type="stmt"/>
        <line num="150" count="0" type="stmt"/>
        <line num="151" count="0" type="cond" truecount="0" falsecount="2"/>
        <line num="152" count="0" type="stmt"/>
        <line num="157" count="0" type="stmt"/>
        <line num="158" count="0" type="stmt"/>
        <line num="160" count="0" type="stmt"/>
        <line num="161" count="0" type="cond" truecount="0" falsecount="2"/>
        <line num="162" count="0" type="stmt"/>
        <line num="163" count="0" type="stmt"/>
        <line num="164" count="0" type="cond" truecount="0" falsecount="2"/>
        <line num="169" count="0" type="stmt"/>
        <line num="174" count="0" type="stmt"/>
        <line num="180" count="0" type="stmt"/>
        <line num="181" count="0" type="stmt"/>
        <line num="182" count="0" type="stmt"/>
        <line num="183" count="0" type="cond" truecount="0" falsecount="2"/>
        <line num="184" count="0" type="stmt"/>
        <line num="187" count="0" type="cond" truecount="0" falsecount="2"/>
        <line num="188" count="0" type="stmt"/>
        <line num="189" count="0" type="stmt"/>
        <line num="194" count="0" type="stmt"/>
        <line num="196" count="0" type="cond" truecount="0" falsecount="2"/>
        <line num="197" count="0" type="cond" truecount="0" falsecount="2"/>
        <line num="198" count="0" type="stmt"/>
        <line num="199" count="0" type="stmt"/>
        <line num="203" count="0" type="stmt"/>
        <line num="204" count="0" type="stmt"/>
      </file>
    </package>
    <package name="fronted..next.server.app">
      <metrics statements="44" coveredstatements="0" conditionals="2" coveredconditionals="0" methods="28" coveredmethods="0"/>
      <file name="page.js" path="/Users/macbook/Documents/auth-backend/fronted/.next/server/app/page.js">
        <metrics statements="43" coveredstatements="0" conditionals="0" coveredconditionals="0" methods="28" coveredmethods="0"/>
        <line num="9" count="0" type="stmt"/>
        <line num="10" count="0" type="stmt"/>
        <line num="11" count="0" type="stmt"/>
        <line num="12" count="0" type="stmt"/>
        <line num="13" count="0" type="stmt"/>
        <line num="22" count="0" type="stmt"/>
        <line num="23" count="0" type="stmt"/>
        <line num="24" count="0" type="stmt"/>
        <line num="26" count="0" type="stmt"/>
        <line num="27" count="0" type="stmt"/>
        <line num="29" count="0" type="stmt"/>
        <line num="30" count="0" type="stmt"/>
        <line num="45" count="0" type="stmt"/>
        <line num="46" count="0" type="stmt"/>
        <line num="47" count="0" type="stmt"/>
        <line num="49" count="0" type="stmt"/>
        <line num="50" count="0" type="stmt"/>
        <line num="52" count="0" type="stmt"/>
        <line num="53" count="0" type="stmt"/>
        <line num="68" count="0" type="stmt"/>
        <line num="78" count="0" type="stmt"/>
        <line num="88" count="0" type="stmt"/>
        <line num="98" count="0" type="stmt"/>
        <line num="109" count="0" type="stmt"/>
        <line num="120" count="0" type="stmt"/>
        <line num="131" count="0" type="stmt"/>
        <line num="141" count="0" type="stmt"/>
        <line num="151" count="0" type="stmt"/>
        <line num="161" count="0" type="stmt"/>
        <line num="172" count="0" type="stmt"/>
        <line num="183" count="0" type="stmt"/>
        <line num="194" count="0" type="stmt"/>
        <line num="205" count="0" type="stmt"/>
        <line num="216" count="0" type="stmt"/>
        <line num="227" count="0" type="stmt"/>
        <line num="238" count="0" type="stmt"/>
        <line num="249" count="0" type="stmt"/>
        <line num="260" count="0" type="stmt"/>
        <line num="268" count="0" type="stmt"/>
        <line num="269" count="0" type="stmt"/>
        <line num="270" count="0" type="stmt"/>
        <line num="271" count="0" type="stmt"/>
        <line num="272" count="0" type="stmt"/>
      </file>
      <file name="page_client-reference-manifest.js" path="/Users/macbook/Documents/auth-backend/fronted/.next/server/app/page_client-reference-manifest.js">
        <metrics statements="1" coveredstatements="0" conditionals="2" coveredconditionals="0" methods="0" coveredmethods="0"/>
        <line num="1" count="0" type="cond" truecount="0" falsecount="2"/>
      </file>
    </package>
    <package name="fronted..next.server.app._not-found">
      <metrics statements="34" coveredstatements="0" conditionals="2" coveredconditionals="0" methods="22" coveredmethods="0"/>
      <file name="page.js" path="/Users/macbook/Documents/auth-backend/fronted/.next/server/app/_not-found/page.js">
        <metrics statements="33" coveredstatements="0" conditionals="0" coveredconditionals="0" methods="22" coveredmethods="0"/>
        <line num="9" count="0" type="stmt"/>
        <line num="10" count="0" type="stmt"/>
        <line num="11" count="0" type="stmt"/>
        <line num="12" count="0" type="stmt"/>
        <line num="13" count="0" type="stmt"/>
        <line num="22" count="0" type="stmt"/>
        <line num="23" count="0" type="stmt"/>
        <line num="24" count="0" type="stmt"/>
        <line num="26" count="0" type="stmt"/>
        <line num="27" count="0" type="stmt"/>
        <line num="29" count="0" type="stmt"/>
        <line num="30" count="0" type="stmt"/>
        <line num="45" count="0" type="stmt"/>
        <line num="55" count="0" type="stmt"/>
        <line num="65" count="0" type="stmt"/>
        <line num="76" count="0" type="stmt"/>
        <line num="87" count="0" type="stmt"/>
        <line num="97" count="0" type="stmt"/>
        <line num="107" count="0" type="stmt"/>
        <line num="118" count="0" type="stmt"/>
        <line num="129" count="0" type="stmt"/>
        <line num="140" count="0" type="stmt"/>
        <line num="151" count="0" type="stmt"/>
        <line num="162" count="0" type="stmt"/>
        <line num="173" count="0" type="stmt"/>
        <line num="184" count="0" type="stmt"/>
        <line num="195" count="0" type="stmt"/>
        <line num="206" count="0" type="stmt"/>
        <line num="214" count="0" type="stmt"/>
        <line num="215" count="0" type="stmt"/>
        <line num="216" count="0" type="stmt"/>
        <line num="217" count="0" type="stmt"/>
        <line num="218" count="0" type="stmt"/>
      </file>
      <file name="page_client-reference-manifest.js" path="/Users/macbook/Documents/auth-backend/fronted/.next/server/app/_not-found/page_client-reference-manifest.js">
        <metrics statements="1" coveredstatements="0" conditionals="2" coveredconditionals="0" methods="0" coveredmethods="0"/>
        <line num="1" count="0" type="cond" truecount="0" falsecount="2"/>
      </file>
    </package>
    <package name="fronted..next.server.app.dashboard">
      <metrics statements="52" coveredstatements="0" conditionals="2" coveredconditionals="0" methods="36" coveredmethods="0"/>
      <file name="page.js" path="/Users/macbook/Documents/auth-backend/fronted/.next/server/app/dashboard/page.js">
        <metrics statements="51" coveredstatements="0" conditionals="0" coveredconditionals="0" methods="36" coveredmethods="0"/>
        <line num="9" count="0" type="stmt"/>
        <line num="10" count="0" type="stmt"/>
        <line num="11" count="0" type="stmt"/>
        <line num="12" count="0" type="stmt"/>
        <line num="13" count="0" type="stmt"/>
        <line num="22" count="0" type="stmt"/>
        <line num="33" count="0" type="stmt"/>
        <line num="34" count="0" type="stmt"/>
        <line num="35" count="0" type="stmt"/>
        <line num="37" count="0" type="stmt"/>
        <line num="38" count="0" type="stmt"/>
        <line num="40" count="0" type="stmt"/>
        <line num="41" count="0" type="stmt"/>
        <line num="56" count="0" type="stmt"/>
        <line num="67" count="0" type="stmt"/>
        <line num="68" count="0" type="stmt"/>
        <line num="69" count="0" type="stmt"/>
        <line num="71" count="0" type="stmt"/>
        <line num="72" count="0" type="stmt"/>
        <line num="74" count="0" type="stmt"/>
        <line num="75" count="0" type="stmt"/>
        <line num="90" count="0" type="stmt"/>
        <line num="100" count="0" type="stmt"/>
        <line num="110" count="0" type="stmt"/>
        <line num="120" count="0" type="stmt"/>
        <line num="131" count="0" type="stmt"/>
        <line num="142" count="0" type="stmt"/>
        <line num="153" count="0" type="stmt"/>
        <line num="164" count="0" type="stmt"/>
        <line num="175" count="0" type="stmt"/>
        <line num="186" count="0" type="stmt"/>
        <line num="197" count="0" type="stmt"/>
        <line num="208" count="0" type="stmt"/>
        <line num="219" count="0" type="stmt"/>
        <line num="229" count="0" type="stmt"/>
        <line num="239" count="0" type="stmt"/>
        <line num="249" count="0" type="stmt"/>
        <line num="260" count="0" type="stmt"/>
        <line num="271" count="0" type="stmt"/>
        <line num="282" count="0" type="stmt"/>
        <line num="293" count="0" type="stmt"/>
        <line num="304" count="0" type="stmt"/>
        <line num="315" count="0" type="stmt"/>
        <line num="326" count="0" type="stmt"/>
        <line num="337" count="0" type="stmt"/>
        <line num="348" count="0" type="stmt"/>
        <line num="356" count="0" type="stmt"/>
        <line num="357" count="0" type="stmt"/>
        <line num="358" count="0" type="stmt"/>
        <line num="359" count="0" type="stmt"/>
        <line num="360" count="0" type="stmt"/>
      </file>
      <file name="page_client-reference-manifest.js" path="/Users/macbook/Documents/auth-backend/fronted/.next/server/app/dashboard/page_client-reference-manifest.js">
        <metrics statements="1" coveredstatements="0" conditionals="2" coveredconditionals="0" methods="0" coveredmethods="0"/>
        <line num="1" count="0" type="cond" truecount="0" falsecount="2"/>
      </file>
    </package>
    <package name="fronted..next.server.app.login">
      <metrics statements="45" coveredstatements="0" conditionals="2" coveredconditionals="0" methods="33" coveredmethods="0"/>
      <file name="page.js" path="/Users/macbook/Documents/auth-backend/fronted/.next/server/app/login/page.js">
        <metrics statements="44" coveredstatements="0" conditionals="0" coveredconditionals="0" methods="33" coveredmethods="0"/>
        <line num="9" count="0" type="stmt"/>
        <line num="10" count="0" type="stmt"/>
        <line num="11" count="0" type="stmt"/>
        <line num="12" count="0" type="stmt"/>
        <line num="13" count="0" type="stmt"/>
        <line num="22" count="0" type="stmt"/>
        <line num="23" count="0" type="stmt"/>
        <line num="24" count="0" type="stmt"/>
        <line num="26" count="0" type="stmt"/>
        <line num="27" count="0" type="stmt"/>
        <line num="29" count="0" type="stmt"/>
        <line num="30" count="0" type="stmt"/>
        <line num="45" count="0" type="stmt"/>
        <line num="56" count="0" type="stmt"/>
        <line num="67" count="0" type="stmt"/>
        <line num="77" count="0" type="stmt"/>
        <line num="87" count="0" type="stmt"/>
        <line num="97" count="0" type="stmt"/>
        <line num="108" count="0" type="stmt"/>
        <line num="119" count="0" type="stmt"/>
        <line num="130" count="0" type="stmt"/>
        <line num="141" count="0" type="stmt"/>
        <line num="152" count="0" type="stmt"/>
        <line num="163" count="0" type="stmt"/>
        <line num="174" count="0" type="stmt"/>
        <line num="185" count="0" type="stmt"/>
        <line num="196" count="0" type="stmt"/>
        <line num="206" count="0" type="stmt"/>
        <line num="216" count="0" type="stmt"/>
        <line num="226" count="0" type="stmt"/>
        <line num="237" count="0" type="stmt"/>
        <line num="248" count="0" type="stmt"/>
        <line num="259" count="0" type="stmt"/>
        <line num="270" count="0" type="stmt"/>
        <line num="281" count="0" type="stmt"/>
        <line num="292" count="0" type="stmt"/>
        <line num="303" count="0" type="stmt"/>
        <line num="314" count="0" type="stmt"/>
        <line num="325" count="0" type="stmt"/>
        <line num="333" count="0" type="stmt"/>
        <line num="334" count="0" type="stmt"/>
        <line num="335" count="0" type="stmt"/>
        <line num="336" count="0" type="stmt"/>
        <line num="337" count="0" type="stmt"/>
      </file>
      <file name="page_client-reference-manifest.js" path="/Users/macbook/Documents/auth-backend/fronted/.next/server/app/login/page_client-reference-manifest.js">
        <metrics statements="1" coveredstatements="0" conditionals="2" coveredconditionals="0" methods="0" coveredmethods="0"/>
        <line num="1" count="0" type="cond" truecount="0" falsecount="2"/>
      </file>
    </package>
    <package name="fronted..next.server.vendor-chunks">
      <metrics statements="386" coveredstatements="0" conditionals="0" coveredconditionals="0" methods="337" coveredmethods="0"/>
      <file name="@radix-ui.js" path="/Users/macbook/Documents/auth-backend/fronted/.next/server/vendor-chunks/@radix-ui.js">
        <metrics statements="7" coveredstatements="0" conditionals="0" coveredconditionals="0" methods="4" coveredmethods="0"/>
        <line num="10" count="0" type="stmt"/>
        <line num="11" count="0" type="stmt"/>
        <line num="12" count="0" type="stmt"/>
        <line num="20" count="0" type="stmt"/>
        <line num="30" count="0" type="stmt"/>
        <line num="40" count="0" type="stmt"/>
        <line num="50" count="0" type="stmt"/>
      </file>
      <file name="@reduxjs.js" path="/Users/macbook/Documents/auth-backend/fronted/.next/server/vendor-chunks/@reduxjs.js">
        <metrics statements="6" coveredstatements="0" conditionals="0" coveredconditionals="0" methods="3" coveredmethods="0"/>
        <line num="10" count="0" type="stmt"/>
        <line num="11" count="0" type="stmt"/>
        <line num="12" count="0" type="stmt"/>
        <line num="20" count="0" type="stmt"/>
        <line num="30" count="0" type="stmt"/>
        <line num="40" count="0" type="stmt"/>
      </file>
      <file name="@standard-schema.js" path="/Users/macbook/Documents/auth-backend/fronted/.next/server/vendor-chunks/@standard-schema.js">
        <metrics statements="4" coveredstatements="0" conditionals="0" coveredconditionals="0" methods="1" coveredmethods="0"/>
        <line num="10" count="0" type="stmt"/>
        <line num="11" count="0" type="stmt"/>
        <line num="12" count="0" type="stmt"/>
        <line num="20" count="0" type="stmt"/>
      </file>
      <file name="@swc.js" path="/Users/macbook/Documents/auth-backend/fronted/.next/server/vendor-chunks/@swc.js">
        <metrics statements="7" coveredstatements="0" conditionals="0" coveredconditionals="0" methods="4" coveredmethods="0"/>
        <line num="10" count="0" type="stmt"/>
        <line num="11" count="0" type="stmt"/>
        <line num="12" count="0" type="stmt"/>
        <line num="20" count="0" type="stmt"/>
        <line num="30" count="0" type="stmt"/>
        <line num="40" count="0" type="stmt"/>
        <line num="50" count="0" type="stmt"/>
      </file>
      <file name="class-variance-authority.js" path="/Users/macbook/Documents/auth-backend/fronted/.next/server/vendor-chunks/class-variance-authority.js">
        <metrics statements="4" coveredstatements="0" conditionals="0" coveredconditionals="0" methods="1" coveredmethods="0"/>
        <line num="10" count="0" type="stmt"/>
        <line num="11" count="0" type="stmt"/>
        <line num="12" count="0" type="stmt"/>
        <line num="20" count="0" type="stmt"/>
      </file>
      <file name="clsx.js" path="/Users/macbook/Documents/auth-backend/fronted/.next/server/vendor-chunks/clsx.js">
        <metrics statements="4" coveredstatements="0" conditionals="0" coveredconditionals="0" methods="1" coveredmethods="0"/>
        <line num="10" count="0" type="stmt"/>
        <line num="11" count="0" type="stmt"/>
        <line num="12" count="0" type="stmt"/>
        <line num="20" count="0" type="stmt"/>
      </file>
      <file name="immer.js" path="/Users/macbook/Documents/auth-backend/fronted/.next/server/vendor-chunks/immer.js">
        <metrics statements="4" coveredstatements="0" conditionals="0" coveredconditionals="0" methods="1" coveredmethods="0"/>
        <line num="10" count="0" type="stmt"/>
        <line num="11" count="0" type="stmt"/>
        <line num="12" count="0" type="stmt"/>
        <line num="20" count="0" type="stmt"/>
      </file>
      <file name="next.js" path="/Users/macbook/Documents/auth-backend/fronted/.next/server/vendor-chunks/next.js">
        <metrics statements="325" coveredstatements="0" conditionals="0" coveredconditionals="0" methods="315" coveredmethods="0"/>
        <line num="9" count="0" type="stmt"/>
        <line num="10" count="0" type="stmt"/>
        <line num="11" count="0" type="stmt"/>
        <line num="20" count="0" type="stmt"/>
        <line num="31" count="0" type="stmt"/>
        <line num="42" count="0" type="stmt"/>
        <line num="52" count="0" type="stmt"/>
        <line num="54" count="0" type="stmt"/>
        <line num="65" count="0" type="stmt"/>
        <line num="67" count="0" type="stmt"/>
        <line num="78" count="0" type="stmt"/>
        <line num="80" count="0" type="stmt"/>
        <line num="92" count="0" type="stmt"/>
        <line num="103" count="0" type="stmt"/>
        <line num="113" count="0" type="stmt"/>
        <line num="115" count="0" type="stmt"/>
        <line num="127" count="0" type="stmt"/>
        <line num="138" count="0" type="stmt"/>
        <line num="149" count="0" type="stmt"/>
        <line num="159" count="0" type="stmt"/>
        <line num="161" count="0" type="stmt"/>
        <line num="172" count="0" type="stmt"/>
        <line num="174" count="0" type="stmt"/>
        <line num="185" count="0" type="stmt"/>
        <line num="187" count="0" type="stmt"/>
        <line num="199" count="0" type="stmt"/>
        <line num="210" count="0" type="stmt"/>
        <line num="221" count="0" type="stmt"/>
        <line num="231" count="0" type="stmt"/>
        <line num="233" count="0" type="stmt"/>
        <line num="245" count="0" type="stmt"/>
        <line num="256" count="0" type="stmt"/>
        <line num="267" count="0" type="stmt"/>
        <line num="277" count="0" type="stmt"/>
        <line num="288" count="0" type="stmt"/>
        <line num="299" count="0" type="stmt"/>
        <line num="319" count="0" type="stmt"/>
        <line num="330" count="0" type="stmt"/>
        <line num="341" count="0" type="stmt"/>
        <line num="352" count="0" type="stmt"/>
        <line num="363" count="0" type="stmt"/>
        <line num="374" count="0" type="stmt"/>
        <line num="385" count="0" type="stmt"/>
        <line num="396" count="0" type="stmt"/>
        <line num="407" count="0" type="stmt"/>
        <line num="418" count="0" type="stmt"/>
        <line num="429" count="0" type="stmt"/>
        <line num="440" count="0" type="stmt"/>
        <line num="451" count="0" type="stmt"/>
        <line num="462" count="0" type="stmt"/>
        <line num="473" count="0" type="stmt"/>
        <line num="484" count="0" type="stmt"/>
        <line num="495" count="0" type="stmt"/>
        <line num="506" count="0" type="stmt"/>
        <line num="517" count="0" type="stmt"/>
        <line num="528" count="0" type="stmt"/>
        <line num="539" count="0" type="stmt"/>
        <line num="550" count="0" type="stmt"/>
        <line num="561" count="0" type="stmt"/>
        <line num="572" count="0" type="stmt"/>
        <line num="583" count="0" type="stmt"/>
        <line num="594" count="0" type="stmt"/>
        <line num="605" count="0" type="stmt"/>
        <line num="616" count="0" type="stmt"/>
        <line num="627" count="0" type="stmt"/>
        <line num="638" count="0" type="stmt"/>
        <line num="649" count="0" type="stmt"/>
        <line num="660" count="0" type="stmt"/>
        <line num="671" count="0" type="stmt"/>
        <line num="682" count="0" type="stmt"/>
        <line num="693" count="0" type="stmt"/>
        <line num="704" count="0" type="stmt"/>
        <line num="715" count="0" type="stmt"/>
        <line num="726" count="0" type="stmt"/>
        <line num="737" count="0" type="stmt"/>
        <line num="748" count="0" type="stmt"/>
        <line num="759" count="0" type="stmt"/>
        <line num="770" count="0" type="stmt"/>
        <line num="781" count="0" type="stmt"/>
        <line num="792" count="0" type="stmt"/>
        <line num="803" count="0" type="stmt"/>
        <line num="814" count="0" type="stmt"/>
        <line num="825" count="0" type="stmt"/>
        <line num="836" count="0" type="stmt"/>
        <line num="847" count="0" type="stmt"/>
        <line num="858" count="0" type="stmt"/>
        <line num="869" count="0" type="stmt"/>
        <line num="880" count="0" type="stmt"/>
        <line num="891" count="0" type="stmt"/>
        <line num="902" count="0" type="stmt"/>
        <line num="913" count="0" type="stmt"/>
        <line num="924" count="0" type="stmt"/>
        <line num="935" count="0" type="stmt"/>
        <line num="946" count="0" type="stmt"/>
        <line num="957" count="0" type="stmt"/>
        <line num="968" count="0" type="stmt"/>
        <line num="979" count="0" type="stmt"/>
        <line num="990" count="0" type="stmt"/>
        <line num="1001" count="0" type="stmt"/>
        <line num="1012" count="0" type="stmt"/>
        <line num="1023" count="0" type="stmt"/>
        <line num="1034" count="0" type="stmt"/>
        <line num="1045" count="0" type="stmt"/>
        <line num="1056" count="0" type="stmt"/>
        <line num="1067" count="0" type="stmt"/>
        <line num="1078" count="0" type="stmt"/>
        <line num="1089" count="0" type="stmt"/>
        <line num="1100" count="0" type="stmt"/>
        <line num="1111" count="0" type="stmt"/>
        <line num="1122" count="0" type="stmt"/>
        <line num="1133" count="0" type="stmt"/>
        <line num="1144" count="0" type="stmt"/>
        <line num="1155" count="0" type="stmt"/>
        <line num="1166" count="0" type="stmt"/>
        <line num="1177" count="0" type="stmt"/>
        <line num="1188" count="0" type="stmt"/>
        <line num="1199" count="0" type="stmt"/>
        <line num="1210" count="0" type="stmt"/>
        <line num="1221" count="0" type="stmt"/>
        <line num="1232" count="0" type="stmt"/>
        <line num="1243" count="0" type="stmt"/>
        <line num="1254" count="0" type="stmt"/>
        <line num="1265" count="0" type="stmt"/>
        <line num="1276" count="0" type="stmt"/>
        <line num="1287" count="0" type="stmt"/>
        <line num="1298" count="0" type="stmt"/>
        <line num="1309" count="0" type="stmt"/>
        <line num="1320" count="0" type="stmt"/>
        <line num="1331" count="0" type="stmt"/>
        <line num="1342" count="0" type="stmt"/>
        <line num="1353" count="0" type="stmt"/>
        <line num="1364" count="0" type="stmt"/>
        <line num="1375" count="0" type="stmt"/>
        <line num="1386" count="0" type="stmt"/>
        <line num="1397" count="0" type="stmt"/>
        <line num="1408" count="0" type="stmt"/>
        <line num="1419" count="0" type="stmt"/>
        <line num="1430" count="0" type="stmt"/>
        <line num="1441" count="0" type="stmt"/>
        <line num="1452" count="0" type="stmt"/>
        <line num="1463" count="0" type="stmt"/>
        <line num="1474" count="0" type="stmt"/>
        <line num="1485" count="0" type="stmt"/>
        <line num="1496" count="0" type="stmt"/>
        <line num="1507" count="0" type="stmt"/>
        <line num="1518" count="0" type="stmt"/>
        <line num="1529" count="0" type="stmt"/>
        <line num="1540" count="0" type="stmt"/>
        <line num="1551" count="0" type="stmt"/>
        <line num="1562" count="0" type="stmt"/>
        <line num="1573" count="0" type="stmt"/>
        <line num="1584" count="0" type="stmt"/>
        <line num="1595" count="0" type="stmt"/>
        <line num="1606" count="0" type="stmt"/>
        <line num="1617" count="0" type="stmt"/>
        <line num="1628" count="0" type="stmt"/>
        <line num="1639" count="0" type="stmt"/>
        <line num="1650" count="0" type="stmt"/>
        <line num="1661" count="0" type="stmt"/>
        <line num="1672" count="0" type="stmt"/>
        <line num="1683" count="0" type="stmt"/>
        <line num="1694" count="0" type="stmt"/>
        <line num="1705" count="0" type="stmt"/>
        <line num="1716" count="0" type="stmt"/>
        <line num="1727" count="0" type="stmt"/>
        <line num="1738" count="0" type="stmt"/>
        <line num="1749" count="0" type="stmt"/>
        <line num="1760" count="0" type="stmt"/>
        <line num="1771" count="0" type="stmt"/>
        <line num="1782" count="0" type="stmt"/>
        <line num="1793" count="0" type="stmt"/>
        <line num="1804" count="0" type="stmt"/>
        <line num="1815" count="0" type="stmt"/>
        <line num="1826" count="0" type="stmt"/>
        <line num="1837" count="0" type="stmt"/>
        <line num="1848" count="0" type="stmt"/>
        <line num="1859" count="0" type="stmt"/>
        <line num="1870" count="0" type="stmt"/>
        <line num="1881" count="0" type="stmt"/>
        <line num="1892" count="0" type="stmt"/>
        <line num="1903" count="0" type="stmt"/>
        <line num="1914" count="0" type="stmt"/>
        <line num="1925" count="0" type="stmt"/>
        <line num="1936" count="0" type="stmt"/>
        <line num="1947" count="0" type="stmt"/>
        <line num="1958" count="0" type="stmt"/>
        <line num="1969" count="0" type="stmt"/>
        <line num="1980" count="0" type="stmt"/>
        <line num="1991" count="0" type="stmt"/>
        <line num="2002" count="0" type="stmt"/>
        <line num="2013" count="0" type="stmt"/>
        <line num="2024" count="0" type="stmt"/>
        <line num="2035" count="0" type="stmt"/>
        <line num="2046" count="0" type="stmt"/>
        <line num="2057" count="0" type="stmt"/>
        <line num="2068" count="0" type="stmt"/>
        <line num="2079" count="0" type="stmt"/>
        <line num="2090" count="0" type="stmt"/>
        <line num="2101" count="0" type="stmt"/>
        <line num="2112" count="0" type="stmt"/>
        <line num="2123" count="0" type="stmt"/>
        <line num="2134" count="0" type="stmt"/>
        <line num="2145" count="0" type="stmt"/>
        <line num="2156" count="0" type="stmt"/>
        <line num="2167" count="0" type="stmt"/>
        <line num="2178" count="0" type="stmt"/>
        <line num="2189" count="0" type="stmt"/>
        <line num="2200" count="0" type="stmt"/>
        <line num="2211" count="0" type="stmt"/>
        <line num="2222" count="0" type="stmt"/>
        <line num="2233" count="0" type="stmt"/>
        <line num="2244" count="0" type="stmt"/>
        <line num="2255" count="0" type="stmt"/>
        <line num="2266" count="0" type="stmt"/>
        <line num="2277" count="0" type="stmt"/>
        <line num="2288" count="0" type="stmt"/>
        <line num="2299" count="0" type="stmt"/>
        <line num="2310" count="0" type="stmt"/>
        <line num="2321" count="0" type="stmt"/>
        <line num="2332" count="0" type="stmt"/>
        <line num="2343" count="0" type="stmt"/>
        <line num="2354" count="0" type="stmt"/>
        <line num="2365" count="0" type="stmt"/>
        <line num="2376" count="0" type="stmt"/>
        <line num="2387" count="0" type="stmt"/>
        <line num="2398" count="0" type="stmt"/>
        <line num="2409" count="0" type="stmt"/>
        <line num="2420" count="0" type="stmt"/>
        <line num="2431" count="0" type="stmt"/>
        <line num="2442" count="0" type="stmt"/>
        <line num="2453" count="0" type="stmt"/>
        <line num="2464" count="0" type="stmt"/>
        <line num="2475" count="0" type="stmt"/>
        <line num="2486" count="0" type="stmt"/>
        <line num="2497" count="0" type="stmt"/>
        <line num="2508" count="0" type="stmt"/>
        <line num="2519" count="0" type="stmt"/>
        <line num="2530" count="0" type="stmt"/>
        <line num="2541" count="0" type="stmt"/>
        <line num="2552" count="0" type="stmt"/>
        <line num="2563" count="0" type="stmt"/>
        <line num="2574" count="0" type="stmt"/>
        <line num="2585" count="0" type="stmt"/>
        <line num="2596" count="0" type="stmt"/>
        <line num="2607" count="0" type="stmt"/>
        <line num="2618" count="0" type="stmt"/>
        <line num="2629" count="0" type="stmt"/>
        <line num="2640" count="0" type="stmt"/>
        <line num="2651" count="0" type="stmt"/>
        <line num="2662" count="0" type="stmt"/>
        <line num="2673" count="0" type="stmt"/>
        <line num="2684" count="0" type="stmt"/>
        <line num="2695" count="0" type="stmt"/>
        <line num="2706" count="0" type="stmt"/>
        <line num="2717" count="0" type="stmt"/>
        <line num="2728" count="0" type="stmt"/>
        <line num="2739" count="0" type="stmt"/>
        <line num="2750" count="0" type="stmt"/>
        <line num="2761" count="0" type="stmt"/>
        <line num="2772" count="0" type="stmt"/>
        <line num="2783" count="0" type="stmt"/>
        <line num="2794" count="0" type="stmt"/>
        <line num="2805" count="0" type="stmt"/>
        <line num="2816" count="0" type="stmt"/>
        <line num="2827" count="0" type="stmt"/>
        <line num="2838" count="0" type="stmt"/>
        <line num="2849" count="0" type="stmt"/>
        <line num="2860" count="0" type="stmt"/>
        <line num="2871" count="0" type="stmt"/>
        <line num="2882" count="0" type="stmt"/>
        <line num="2893" count="0" type="stmt"/>
        <line num="2904" count="0" type="stmt"/>
        <line num="2915" count="0" type="stmt"/>
        <line num="2926" count="0" type="stmt"/>
        <line num="2937" count="0" type="stmt"/>
        <line num="2948" count="0" type="stmt"/>
        <line num="2959" count="0" type="stmt"/>
        <line num="2970" count="0" type="stmt"/>
        <line num="2981" count="0" type="stmt"/>
        <line num="2992" count="0" type="stmt"/>
        <line num="3003" count="0" type="stmt"/>
        <line num="3014" count="0" type="stmt"/>
        <line num="3025" count="0" type="stmt"/>
        <line num="3035" count="0" type="stmt"/>
        <line num="3045" count="0" type="stmt"/>
        <line num="3056" count="0" type="stmt"/>
        <line num="3067" count="0" type="stmt"/>
        <line num="3078" count="0" type="stmt"/>
        <line num="3089" count="0" type="stmt"/>
        <line num="3100" count="0" type="stmt"/>
        <line num="3111" count="0" type="stmt"/>
        <line num="3122" count="0" type="stmt"/>
        <line num="3133" count="0" type="stmt"/>
        <line num="3144" count="0" type="stmt"/>
        <line num="3155" count="0" type="stmt"/>
        <line num="3166" count="0" type="stmt"/>
        <line num="3177" count="0" type="stmt"/>
        <line num="3188" count="0" type="stmt"/>
        <line num="3199" count="0" type="stmt"/>
        <line num="3210" count="0" type="stmt"/>
        <line num="3221" count="0" type="stmt"/>
        <line num="3232" count="0" type="stmt"/>
        <line num="3243" count="0" type="stmt"/>
        <line num="3254" count="0" type="stmt"/>
        <line num="3265" count="0" type="stmt"/>
        <line num="3276" count="0" type="stmt"/>
        <line num="3287" count="0" type="stmt"/>
        <line num="3298" count="0" type="stmt"/>
        <line num="3309" count="0" type="stmt"/>
        <line num="3320" count="0" type="stmt"/>
        <line num="3331" count="0" type="stmt"/>
        <line num="3342" count="0" type="stmt"/>
        <line num="3353" count="0" type="stmt"/>
        <line num="3364" count="0" type="stmt"/>
        <line num="3375" count="0" type="stmt"/>
        <line num="3386" count="0" type="stmt"/>
        <line num="3397" count="0" type="stmt"/>
        <line num="3408" count="0" type="stmt"/>
        <line num="3419" count="0" type="stmt"/>
        <line num="3430" count="0" type="stmt"/>
        <line num="3441" count="0" type="stmt"/>
        <line num="3452" count="0" type="stmt"/>
        <line num="3463" count="0" type="stmt"/>
        <line num="3474" count="0" type="stmt"/>
        <line num="3485" count="0" type="stmt"/>
      </file>
      <file name="react-redux.js" path="/Users/macbook/Documents/auth-backend/fronted/.next/server/vendor-chunks/react-redux.js">
        <metrics statements="4" coveredstatements="0" conditionals="0" coveredconditionals="0" methods="1" coveredmethods="0"/>
        <line num="10" count="0" type="stmt"/>
        <line num="11" count="0" type="stmt"/>
        <line num="12" count="0" type="stmt"/>
        <line num="20" count="0" type="stmt"/>
      </file>
      <file name="redux-thunk.js" path="/Users/macbook/Documents/auth-backend/fronted/.next/server/vendor-chunks/redux-thunk.js">
        <metrics statements="4" coveredstatements="0" conditionals="0" coveredconditionals="0" methods="1" coveredmethods="0"/>
        <line num="10" count="0" type="stmt"/>
        <line num="11" count="0" type="stmt"/>
        <line num="12" count="0" type="stmt"/>
        <line num="20" count="0" type="stmt"/>
      </file>
      <file name="redux.js" path="/Users/macbook/Documents/auth-backend/fronted/.next/server/vendor-chunks/redux.js">
        <metrics statements="4" coveredstatements="0" conditionals="0" coveredconditionals="0" methods="1" coveredmethods="0"/>
        <line num="10" count="0" type="stmt"/>
        <line num="11" count="0" type="stmt"/>
        <line num="12" count="0" type="stmt"/>
        <line num="20" count="0" type="stmt"/>
      </file>
      <file name="reselect.js" path="/Users/macbook/Documents/auth-backend/fronted/.next/server/vendor-chunks/reselect.js">
        <metrics statements="4" coveredstatements="0" conditionals="0" coveredconditionals="0" methods="1" coveredmethods="0"/>
        <line num="10" count="0" type="stmt"/>
        <line num="11" count="0" type="stmt"/>
        <line num="12" count="0" type="stmt"/>
        <line num="20" count="0" type="stmt"/>
      </file>
      <file name="tailwind-merge.js" path="/Users/macbook/Documents/auth-backend/fronted/.next/server/vendor-chunks/tailwind-merge.js">
        <metrics statements="4" coveredstatements="0" conditionals="0" coveredconditionals="0" methods="1" coveredmethods="0"/>
        <line num="10" count="0" type="stmt"/>
        <line num="11" count="0" type="stmt"/>
        <line num="12" count="0" type="stmt"/>
        <line num="20" count="0" type="stmt"/>
      </file>
      <file name="use-sync-external-store.js" path="/Users/macbook/Documents/auth-backend/fronted/.next/server/vendor-chunks/use-sync-external-store.js">
        <metrics statements="5" coveredstatements="0" conditionals="0" coveredconditionals="0" methods="2" coveredmethods="0"/>
        <line num="10" count="0" type="stmt"/>
        <line num="11" count="0" type="stmt"/>
        <line num="12" count="0" type="stmt"/>
        <line num="20" count="0" type="stmt"/>
        <line num="30" count="0" type="stmt"/>
      </file>
    </package>
    <package name="fronted..next.static.chunks">
      <metrics statements="969" coveredstatements="0" conditionals="3855" coveredconditionals="0" methods="1256" coveredmethods="0"/>
      <file name="app-pages-internals.js" path="/Users/macbook/Documents/auth-backend/fronted/.next/static/chunks/app-pages-internals.js">
        <metrics statements="22" coveredstatements="0" conditionals="2" coveredconditionals="0" methods="20" coveredmethods="0"/>
        <line num="9" count="0" type="cond" truecount="0" falsecount="2"/>
        <line num="17" count="0" type="stmt"/>
        <line num="28" count="0" type="stmt"/>
        <line num="39" count="0" type="stmt"/>
        <line num="50" count="0" type="stmt"/>
        <line num="61" count="0" type="stmt"/>
        <line num="72" count="0" type="stmt"/>
        <line num="83" count="0" type="stmt"/>
        <line num="94" count="0" type="stmt"/>
        <line num="105" count="0" type="stmt"/>
        <line num="116" count="0" type="stmt"/>
        <line num="127" count="0" type="stmt"/>
        <line num="138" count="0" type="stmt"/>
        <line num="149" count="0" type="stmt"/>
        <line num="160" count="0" type="stmt"/>
        <line num="171" count="0" type="stmt"/>
        <line num="182" count="0" type="stmt"/>
        <line num="193" count="0" type="stmt"/>
        <line num="199" count="0" type="stmt"/>
        <line num="200" count="0" type="stmt"/>
        <line num="201" count="0" type="stmt"/>
        <line num="202" count="0" type="stmt"/>
      </file>
      <file name="main-app.js" path="/Users/macbook/Documents/auth-backend/fronted/.next/static/chunks/main-app.js">
        <metrics statements="257" coveredstatements="0" conditionals="2" coveredconditionals="0" methods="255" coveredmethods="0"/>
        <line num="9" count="0" type="cond" truecount="0" falsecount="2"/>
        <line num="18" count="0" type="stmt"/>
        <line num="29" count="0" type="stmt"/>
        <line num="40" count="0" type="stmt"/>
        <line num="51" count="0" type="stmt"/>
        <line num="62" count="0" type="stmt"/>
        <line num="73" count="0" type="stmt"/>
        <line num="83" count="0" type="stmt"/>
        <line num="94" count="0" type="stmt"/>
        <line num="105" count="0" type="stmt"/>
        <line num="116" count="0" type="stmt"/>
        <line num="127" count="0" type="stmt"/>
        <line num="138" count="0" type="stmt"/>
        <line num="149" count="0" type="stmt"/>
        <line num="160" count="0" type="stmt"/>
        <line num="171" count="0" type="stmt"/>
        <line num="182" count="0" type="stmt"/>
        <line num="193" count="0" type="stmt"/>
        <line num="204" count="0" type="stmt"/>
        <line num="215" count="0" type="stmt"/>
        <line num="226" count="0" type="stmt"/>
        <line num="237" count="0" type="stmt"/>
        <line num="248" count="0" type="stmt"/>
        <line num="259" count="0" type="stmt"/>
        <line num="270" count="0" type="stmt"/>
        <line num="281" count="0" type="stmt"/>
        <line num="292" count="0" type="stmt"/>
        <line num="303" count="0" type="stmt"/>
        <line num="314" count="0" type="stmt"/>
        <line num="325" count="0" type="stmt"/>
        <line num="336" count="0" type="stmt"/>
        <line num="347" count="0" type="stmt"/>
        <line num="358" count="0" type="stmt"/>
        <line num="369" count="0" type="stmt"/>
        <line num="380" count="0" type="stmt"/>
        <line num="391" count="0" type="stmt"/>
        <line num="402" count="0" type="stmt"/>
        <line num="413" count="0" type="stmt"/>
        <line num="424" count="0" type="stmt"/>
        <line num="435" count="0" type="stmt"/>
        <line num="446" count="0" type="stmt"/>
        <line num="457" count="0" type="stmt"/>
        <line num="468" count="0" type="stmt"/>
        <line num="479" count="0" type="stmt"/>
        <line num="490" count="0" type="stmt"/>
        <line num="501" count="0" type="stmt"/>
        <line num="512" count="0" type="stmt"/>
        <line num="523" count="0" type="stmt"/>
        <line num="534" count="0" type="stmt"/>
        <line num="545" count="0" type="stmt"/>
        <line num="556" count="0" type="stmt"/>
        <line num="567" count="0" type="stmt"/>
        <line num="578" count="0" type="stmt"/>
        <line num="589" count="0" type="stmt"/>
        <line num="600" count="0" type="stmt"/>
        <line num="611" count="0" type="stmt"/>
        <line num="622" count="0" type="stmt"/>
        <line num="633" count="0" type="stmt"/>
        <line num="644" count="0" type="stmt"/>
        <line num="655" count="0" type="stmt"/>
        <line num="666" count="0" type="stmt"/>
        <line num="677" count="0" type="stmt"/>
        <line num="688" count="0" type="stmt"/>
        <line num="699" count="0" type="stmt"/>
        <line num="710" count="0" type="stmt"/>
        <line num="721" count="0" type="stmt"/>
        <line num="732" count="0" type="stmt"/>
        <line num="743" count="0" type="stmt"/>
        <line num="754" count="0" type="stmt"/>
        <line num="765" count="0" type="stmt"/>
        <line num="776" count="0" type="stmt"/>
        <line num="787" count="0" type="stmt"/>
        <line num="798" count="0" type="stmt"/>
        <line num="809" count="0" type="stmt"/>
        <line num="820" count="0" type="stmt"/>
        <line num="831" count="0" type="stmt"/>
        <line num="842" count="0" type="stmt"/>
        <line num="853" count="0" type="stmt"/>
        <line num="864" count="0" type="stmt"/>
        <line num="875" count="0" type="stmt"/>
        <line num="886" count="0" type="stmt"/>
        <line num="897" count="0" type="stmt"/>
        <line num="908" count="0" type="stmt"/>
        <line num="919" count="0" type="stmt"/>
        <line num="930" count="0" type="stmt"/>
        <line num="941" count="0" type="stmt"/>
        <line num="952" count="0" type="stmt"/>
        <line num="963" count="0" type="stmt"/>
        <line num="974" count="0" type="stmt"/>
        <line num="985" count="0" type="stmt"/>
        <line num="996" count="0" type="stmt"/>
        <line num="1007" count="0" type="stmt"/>
        <line num="1018" count="0" type="stmt"/>
        <line num="1029" count="0" type="stmt"/>
        <line num="1040" count="0" type="stmt"/>
        <line num="1051" count="0" type="stmt"/>
        <line num="1062" count="0" type="stmt"/>
        <line num="1073" count="0" type="stmt"/>
        <line num="1084" count="0" type="stmt"/>
        <line num="1095" count="0" type="stmt"/>
        <line num="1106" count="0" type="stmt"/>
        <line num="1117" count="0" type="stmt"/>
        <line num="1128" count="0" type="stmt"/>
        <line num="1139" count="0" type="stmt"/>
        <line num="1150" count="0" type="stmt"/>
        <line num="1161" count="0" type="stmt"/>
        <line num="1172" count="0" type="stmt"/>
        <line num="1183" count="0" type="stmt"/>
        <line num="1194" count="0" type="stmt"/>
        <line num="1205" count="0" type="stmt"/>
        <line num="1216" count="0" type="stmt"/>
        <line num="1227" count="0" type="stmt"/>
        <line num="1238" count="0" type="stmt"/>
        <line num="1249" count="0" type="stmt"/>
        <line num="1260" count="0" type="stmt"/>
        <line num="1271" count="0" type="stmt"/>
        <line num="1282" count="0" type="stmt"/>
        <line num="1293" count="0" type="stmt"/>
        <line num="1304" count="0" type="stmt"/>
        <line num="1315" count="0" type="stmt"/>
        <line num="1326" count="0" type="stmt"/>
        <line num="1337" count="0" type="stmt"/>
        <line num="1348" count="0" type="stmt"/>
        <line num="1359" count="0" type="stmt"/>
        <line num="1370" count="0" type="stmt"/>
        <line num="1381" count="0" type="stmt"/>
        <line num="1392" count="0" type="stmt"/>
        <line num="1403" count="0" type="stmt"/>
        <line num="1414" count="0" type="stmt"/>
        <line num="1425" count="0" type="stmt"/>
        <line num="1436" count="0" type="stmt"/>
        <line num="1447" count="0" type="stmt"/>
        <line num="1458" count="0" type="stmt"/>
        <line num="1469" count="0" type="stmt"/>
        <line num="1480" count="0" type="stmt"/>
        <line num="1491" count="0" type="stmt"/>
        <line num="1502" count="0" type="stmt"/>
        <line num="1513" count="0" type="stmt"/>
        <line num="1524" count="0" type="stmt"/>
        <line num="1535" count="0" type="stmt"/>
        <line num="1546" count="0" type="stmt"/>
        <line num="1557" count="0" type="stmt"/>
        <line num="1568" count="0" type="stmt"/>
        <line num="1579" count="0" type="stmt"/>
        <line num="1590" count="0" type="stmt"/>
        <line num="1601" count="0" type="stmt"/>
        <line num="1612" count="0" type="stmt"/>
        <line num="1623" count="0" type="stmt"/>
        <line num="1634" count="0" type="stmt"/>
        <line num="1645" count="0" type="stmt"/>
        <line num="1656" count="0" type="stmt"/>
        <line num="1667" count="0" type="stmt"/>
        <line num="1678" count="0" type="stmt"/>
        <line num="1689" count="0" type="stmt"/>
        <line num="1700" count="0" type="stmt"/>
        <line num="1711" count="0" type="stmt"/>
        <line num="1722" count="0" type="stmt"/>
        <line num="1733" count="0" type="stmt"/>
        <line num="1744" count="0" type="stmt"/>
        <line num="1755" count="0" type="stmt"/>
        <line num="1766" count="0" type="stmt"/>
        <line num="1777" count="0" type="stmt"/>
        <line num="1788" count="0" type="stmt"/>
        <line num="1799" count="0" type="stmt"/>
        <line num="1810" count="0" type="stmt"/>
        <line num="1821" count="0" type="stmt"/>
        <line num="1832" count="0" type="stmt"/>
        <line num="1843" count="0" type="stmt"/>
        <line num="1854" count="0" type="stmt"/>
        <line num="1865" count="0" type="stmt"/>
        <line num="1876" count="0" type="stmt"/>
        <line num="1887" count="0" type="stmt"/>
        <line num="1898" count="0" type="stmt"/>
        <line num="1909" count="0" type="stmt"/>
        <line num="1920" count="0" type="stmt"/>
        <line num="1931" count="0" type="stmt"/>
        <line num="1942" count="0" type="stmt"/>
        <line num="1953" count="0" type="stmt"/>
        <line num="1964" count="0" type="stmt"/>
        <line num="1975" count="0" type="stmt"/>
        <line num="1986" count="0" type="stmt"/>
        <line num="1997" count="0" type="stmt"/>
        <line num="2008" count="0" type="stmt"/>
        <line num="2019" count="0" type="stmt"/>
        <line num="2030" count="0" type="stmt"/>
        <line num="2041" count="0" type="stmt"/>
        <line num="2052" count="0" type="stmt"/>
        <line num="2063" count="0" type="stmt"/>
        <line num="2074" count="0" type="stmt"/>
        <line num="2085" count="0" type="stmt"/>
        <line num="2096" count="0" type="stmt"/>
        <line num="2107" count="0" type="stmt"/>
        <line num="2118" count="0" type="stmt"/>
        <line num="2129" count="0" type="stmt"/>
        <line num="2140" count="0" type="stmt"/>
        <line num="2151" count="0" type="stmt"/>
        <line num="2162" count="0" type="stmt"/>
        <line num="2173" count="0" type="stmt"/>
        <line num="2184" count="0" type="stmt"/>
        <line num="2195" count="0" type="stmt"/>
        <line num="2206" count="0" type="stmt"/>
        <line num="2217" count="0" type="stmt"/>
        <line num="2228" count="0" type="stmt"/>
        <line num="2239" count="0" type="stmt"/>
        <line num="2250" count="0" type="stmt"/>
        <line num="2261" count="0" type="stmt"/>
        <line num="2271" count="0" type="stmt"/>
        <line num="2281" count="0" type="stmt"/>
        <line num="2292" count="0" type="stmt"/>
        <line num="2303" count="0" type="stmt"/>
        <line num="2314" count="0" type="stmt"/>
        <line num="2325" count="0" type="stmt"/>
        <line num="2336" count="0" type="stmt"/>
        <line num="2347" count="0" type="stmt"/>
        <line num="2358" count="0" type="stmt"/>
        <line num="2369" count="0" type="stmt"/>
        <line num="2380" count="0" type="stmt"/>
        <line num="2391" count="0" type="stmt"/>
        <line num="2402" count="0" type="stmt"/>
        <line num="2413" count="0" type="stmt"/>
        <line num="2424" count="0" type="stmt"/>
        <line num="2435" count="0" type="stmt"/>
        <line num="2446" count="0" type="stmt"/>
        <line num="2456" count="0" type="stmt"/>
        <line num="2467" count="0" type="stmt"/>
        <line num="2478" count="0" type="stmt"/>
        <line num="2489" count="0" type="stmt"/>
        <line num="2500" count="0" type="stmt"/>
        <line num="2511" count="0" type="stmt"/>
        <line num="2522" count="0" type="stmt"/>
        <line num="2533" count="0" type="stmt"/>
        <line num="2544" count="0" type="stmt"/>
        <line num="2555" count="0" type="stmt"/>
        <line num="2566" count="0" type="stmt"/>
        <line num="2577" count="0" type="stmt"/>
        <line num="2588" count="0" type="stmt"/>
        <line num="2599" count="0" type="stmt"/>
        <line num="2610" count="0" type="stmt"/>
        <line num="2621" count="0" type="stmt"/>
        <line num="2632" count="0" type="stmt"/>
        <line num="2643" count="0" type="stmt"/>
        <line num="2654" count="0" type="stmt"/>
        <line num="2665" count="0" type="stmt"/>
        <line num="2676" count="0" type="stmt"/>
        <line num="2687" count="0" type="stmt"/>
        <line num="2698" count="0" type="stmt"/>
        <line num="2709" count="0" type="stmt"/>
        <line num="2720" count="0" type="stmt"/>
        <line num="2731" count="0" type="stmt"/>
        <line num="2742" count="0" type="stmt"/>
        <line num="2753" count="0" type="stmt"/>
        <line num="2764" count="0" type="stmt"/>
        <line num="2775" count="0" type="stmt"/>
        <line num="2786" count="0" type="stmt"/>
        <line num="2792" count="0" type="stmt"/>
        <line num="2793" count="0" type="stmt"/>
        <line num="2794" count="0" type="stmt"/>
      </file>
      <file name="polyfills.js" path="/Users/macbook/Documents/auth-backend/fronted/.next/static/chunks/polyfills.js">
        <metrics statements="1" coveredstatements="0" conditionals="3440" coveredconditionals="0" methods="823" coveredmethods="0"/>
        <line num="1" count="0" type="cond" truecount="0" falsecount="3440"/>
      </file>
      <file name="webpack.js" path="/Users/macbook/Documents/auth-backend/fronted/.next/static/chunks/webpack.js">
        <metrics statements="689" coveredstatements="0" conditionals="411" coveredconditionals="0" methods="158" coveredmethods="0"/>
        <line num="9" count="0" type="stmt"/>
        <line num="11" count="0" type="stmt"/>
        <line num="14" count="0" type="stmt"/>
        <line num="19" count="0" type="stmt"/>
        <line num="20" count="0" type="cond" truecount="0" falsecount="2"/>
        <line num="21" count="0" type="cond" truecount="0" falsecount="2"/>
        <line num="22" count="0" type="stmt"/>
        <line num="25" count="0" type="stmt"/>
        <line num="32" count="0" type="stmt"/>
        <line num="33" count="0" type="stmt"/>
        <line num="34" count="0" type="stmt"/>
        <line num="35" count="0" type="stmt"/>
        <line num="36" count="0" type="stmt"/>
        <line num="37" count="0" type="stmt"/>
        <line num="38" count="0" type="stmt"/>
        <line num="40" count="0" type="cond" truecount="0" falsecount="2"/>
        <line num="44" count="0" type="stmt"/>
        <line num="47" count="0" type="stmt"/>
        <line num="51" count="0" type="stmt"/>
        <line num="54" count="0" type="stmt"/>
        <line num="57" count="0" type="stmt"/>
        <line num="61" count="0" type="stmt"/>
        <line num="62" count="0" type="stmt"/>
        <line num="63" count="0" type="stmt"/>
        <line num="64" count="0" type="cond" truecount="0" falsecount="2"/>
        <line num="65" count="0" type="cond" truecount="0" falsecount="2"/>
        <line num="66" count="0" type="cond" truecount="0" falsecount="2"/>
        <line num="67" count="0" type="stmt"/>
        <line num="68" count="0" type="stmt"/>
        <line num="70" count="0" type="stmt"/>
        <line num="71" count="0" type="stmt"/>
        <line num="72" count="0" type="stmt"/>
        <line num="73" count="0" type="stmt"/>
        <line num="74" count="0" type="stmt"/>
        <line num="75" count="0" type="cond" truecount="0" falsecount="5"/>
        <line num="76" count="0" type="stmt"/>
        <line num="78" count="0" type="stmt"/>
        <line num="79" count="0" type="cond" truecount="0" falsecount="2"/>
        <line num="82" count="0" type="cond" truecount="0" falsecount="2"/>
        <line num="83" count="0" type="stmt"/>
        <line num="84" count="0" type="stmt"/>
        <line num="85" count="0" type="cond" truecount="0" falsecount="2"/>
        <line num="88" count="0" type="stmt"/>
        <line num="93" count="0" type="stmt"/>
        <line num="95" count="0" type="stmt"/>
        <line num="96" count="0" type="cond" truecount="0" falsecount="4"/>
        <line num="97" count="0" type="stmt"/>
        <line num="98" count="0" type="stmt"/>
        <line num="99" count="0" type="stmt"/>
        <line num="100" count="0" type="stmt"/>
        <line num="105" count="0" type="stmt"/>
        <line num="106" count="0" type="cond" truecount="0" falsecount="2"/>
        <line num="114" count="0" type="stmt"/>
        <line num="115" count="0" type="cond" truecount="0" falsecount="2"/>
        <line num="116" count="0" type="cond" truecount="0" falsecount="2"/>
        <line num="117" count="0" type="cond" truecount="0" falsecount="4"/>
        <line num="118" count="0" type="cond" truecount="0" falsecount="4"/>
        <line num="119" count="0" type="cond" truecount="0" falsecount="4"/>
        <line num="121" count="0" type="stmt"/>
        <line num="122" count="0" type="stmt"/>
        <line num="123" count="0" type="stmt"/>
        <line num="124" count="0" type="cond" truecount="0" falsecount="2"/>
        <line num="125" count="0" type="cond" truecount="0" falsecount="4"/>
        <line num="126" count="0" type="stmt"/>
        <line num="128" count="0" type="stmt"/>
        <line num="129" count="0" type="stmt"/>
        <line num="130" count="0" type="stmt"/>
        <line num="135" count="0" type="stmt"/>
        <line num="137" count="0" type="stmt"/>
        <line num="138" count="0" type="stmt"/>
        <line num="139" count="0" type="cond" truecount="0" falsecount="4"/>
        <line num="140" count="0" type="stmt"/>
        <line num="147" count="0" type="stmt"/>
        <line num="148" count="0" type="stmt"/>
        <line num="151" count="0" type="stmt"/>
        <line num="152" count="0" type="stmt"/>
        <line num="153" count="0" type="stmt"/>
        <line num="154" count="0" type="stmt"/>
        <line num="160" count="0" type="stmt"/>
        <line num="162" count="0" type="stmt"/>
        <line num="164" count="0" type="stmt"/>
        <line num="169" count="0" type="stmt"/>
        <line num="171" count="0" type="stmt"/>
        <line num="173" count="0" type="stmt"/>
        <line num="178" count="0" type="stmt"/>
        <line num="180" count="0" type="stmt"/>
        <line num="182" count="0" type="stmt"/>
        <line num="187" count="0" type="stmt"/>
        <line num="188" count="0" type="stmt"/>
        <line num="192" count="0" type="stmt"/>
        <line num="193" count="0" type="stmt"/>
        <line num="197" count="0" type="stmt"/>
        <line num="198" count="0" type="stmt"/>
        <line num="199" count="0" type="cond" truecount="0" falsecount="2"/>
        <line num="200" count="0" type="stmt"/>
        <line num="201" count="0" type="cond" truecount="0" falsecount="2"/>
        <line num="203" count="0" type="cond" truecount="0" falsecount="2"/>
        <line num="209" count="0" type="stmt"/>
        <line num="210" count="0" type="stmt"/>
        <line num="214" count="0" type="stmt"/>
        <line num="215" count="0" type="stmt"/>
        <line num="216" count="0" type="stmt"/>
        <line num="218" count="0" type="stmt"/>
        <line num="219" count="0" type="cond" truecount="0" falsecount="2"/>
        <line num="221" count="0" type="cond" truecount="0" falsecount="2"/>
        <line num="222" count="0" type="stmt"/>
        <line num="223" count="0" type="stmt"/>
        <line num="224" count="0" type="stmt"/>
        <line num="225" count="0" type="cond" truecount="0" falsecount="4"/>
        <line num="228" count="0" type="cond" truecount="0" falsecount="2"/>
        <line num="229" count="0" type="stmt"/>
        <line num="230" count="0" type="stmt"/>
        <line num="232" count="0" type="stmt"/>
        <line num="233" count="0" type="stmt"/>
        <line num="234" count="0" type="cond" truecount="0" falsecount="2"/>
        <line num="235" count="0" type="stmt"/>
        <line num="237" count="0" type="stmt"/>
        <line num="239" count="0" type="stmt"/>
        <line num="241" count="0" type="stmt"/>
        <line num="242" count="0" type="stmt"/>
        <line num="244" count="0" type="stmt"/>
        <line num="245" count="0" type="stmt"/>
        <line num="246" count="0" type="stmt"/>
        <line num="247" count="0" type="stmt"/>
        <line num="248" count="0" type="cond" truecount="0" falsecount="2"/>
        <line num="249" count="0" type="cond" truecount="0" falsecount="2"/>
        <line num="250" count="0" type="cond" truecount="0" falsecount="2"/>
        <line num="252" count="0" type="stmt"/>
        <line num="253" count="0" type="stmt"/>
        <line num="254" count="0" type="stmt"/>
        <line num="255" count="0" type="cond" truecount="0" falsecount="2"/>
        <line num="260" count="0" type="stmt"/>
        <line num="262" count="0" type="stmt"/>
        <line num="263" count="0" type="cond" truecount="0" falsecount="4"/>
        <line num="264" count="0" type="stmt"/>
        <line num="266" count="0" type="stmt"/>
        <line num="271" count="0" type="stmt"/>
        <line num="272" count="0" type="stmt"/>
        <line num="273" count="0" type="stmt"/>
        <line num="274" count="0" type="cond" truecount="0" falsecount="2"/>
        <line num="275" count="0" type="stmt"/>
        <line num="280" count="0" type="stmt"/>
        <line num="282" count="0" type="stmt"/>
        <line num="284" count="0" type="cond" truecount="0" falsecount="2"/>
        <line num="285" count="0" type="stmt"/>
        <line num="286" count="0" type="stmt"/>
        <line num="287" count="0" type="stmt"/>
        <line num="289" count="0" type="cond" truecount="0" falsecount="4"/>
        <line num="290" count="0" type="stmt"/>
        <line num="293" count="0" type="stmt"/>
        <line num="298" count="0" type="stmt"/>
        <line num="299" count="0" type="stmt"/>
        <line num="303" count="0" type="stmt"/>
        <line num="304" count="0" type="stmt"/>
        <line num="308" count="0" type="stmt"/>
        <line num="309" count="0" type="stmt"/>
        <line num="310" count="0" type="stmt"/>
        <line num="314" count="0" type="stmt"/>
        <line num="317" count="0" type="stmt"/>
        <line num="318" count="0" type="stmt"/>
        <line num="321" count="0" type="stmt"/>
        <line num="322" count="0" type="stmt"/>
        <line num="328" count="0" type="stmt"/>
        <line num="330" count="0" type="stmt"/>
        <line num="331" count="0" type="stmt"/>
        <line num="332" count="0" type="stmt"/>
        <line num="333" count="0" type="stmt"/>
        <line num="334" count="0" type="stmt"/>
        <line num="335" count="0" type="stmt"/>
        <line num="336" count="0" type="stmt"/>
        <line num="337" count="0" type="stmt"/>
        <line num="340" count="0" type="stmt"/>
        <line num="341" count="0" type="stmt"/>
        <line num="344" count="0" type="stmt"/>
        <line num="345" count="0" type="cond" truecount="0" falsecount="2"/>
        <line num="346" count="0" type="stmt"/>
        <line num="347" count="0" type="cond" truecount="0" falsecount="2"/>
        <line num="348" count="0" type="cond" truecount="0" falsecount="2"/>
        <line num="349" count="0" type="stmt"/>
        <line num="350" count="0" type="cond" truecount="0" falsecount="2"/>
        <line num="351" count="0" type="stmt"/>
        <line num="354" count="0" type="stmt"/>
        <line num="355" count="0" type="stmt"/>
        <line num="357" count="0" type="cond" truecount="0" falsecount="2"/>
        <line num="358" count="0" type="stmt"/>
        <line num="361" count="0" type="stmt"/>
        <line num="367" count="0" type="stmt"/>
        <line num="369" count="0" type="stmt"/>
        <line num="371" count="0" type="stmt"/>
        <line num="372" count="0" type="stmt"/>
        <line num="376" count="0" type="stmt"/>
        <line num="379" count="0" type="stmt"/>
        <line num="383" count="0" type="stmt"/>
        <line num="384" count="0" type="cond" truecount="0" falsecount="4"/>
        <line num="385" count="0" type="stmt"/>
        <line num="388" count="0" type="stmt"/>
        <line num="389" count="0" type="stmt"/>
        <line num="391" count="0" type="stmt"/>
        <line num="395" count="0" type="stmt"/>
        <line num="396" count="0" type="stmt"/>
        <line num="407" count="0" type="stmt"/>
        <line num="408" count="0" type="cond" truecount="0" falsecount="2"/>
        <line num="409" count="0" type="stmt"/>
        <line num="415" count="0" type="cond" truecount="0" falsecount="2"/>
        <line num="416" count="0" type="cond" truecount="0" falsecount="2"/>
        <line num="417" count="0" type="cond" truecount="0" falsecount="4"/>
        <line num="418" count="0" type="stmt"/>
        <line num="419" count="0" type="cond" truecount="0" falsecount="2"/>
        <line num="420" count="0" type="stmt"/>
        <line num="423" count="0" type="cond" truecount="0" falsecount="2"/>
        <line num="424" count="0" type="stmt"/>
        <line num="428" count="0" type="cond" truecount="0" falsecount="2"/>
        <line num="429" count="0" type="cond" truecount="0" falsecount="4"/>
        <line num="430" count="0" type="stmt"/>
        <line num="431" count="0" type="stmt"/>
        <line num="432" count="0" type="stmt"/>
        <line num="435" count="0" type="stmt"/>
        <line num="438" count="0" type="stmt"/>
        <line num="441" count="0" type="stmt"/>
        <line num="442" count="0" type="cond" truecount="0" falsecount="2"/>
        <line num="445" count="0" type="stmt"/>
        <line num="446" count="0" type="cond" truecount="0" falsecount="7"/>
        <line num="448" count="0" type="stmt"/>
        <line num="449" count="0" type="stmt"/>
        <line num="450" count="0" type="stmt"/>
        <line num="455" count="0" type="stmt"/>
        <line num="456" count="0" type="stmt"/>
        <line num="458" count="0" type="stmt"/>
        <line num="459" count="0" type="stmt"/>
        <line num="464" count="0" type="stmt"/>
        <line num="469" count="0" type="cond" truecount="0" falsecount="2"/>
        <line num="472" count="0" type="stmt"/>
        <line num="475" count="0" type="stmt"/>
        <line num="483" count="0" type="cond" truecount="0" falsecount="2"/>
        <line num="484" count="0" type="stmt"/>
        <line num="487" count="0" type="stmt"/>
        <line num="490" count="0" type="stmt"/>
        <line num="491" count="0" type="cond" truecount="0" falsecount="2"/>
        <line num="497" count="0" type="stmt"/>
        <line num="498" count="0" type="stmt"/>
        <line num="502" count="0" type="stmt"/>
        <line num="503" count="0" type="stmt"/>
        <line num="505" count="0" type="stmt"/>
        <line num="506" count="0" type="stmt"/>
        <line num="508" count="0" type="stmt"/>
        <line num="512" count="0" type="cond" truecount="0" falsecount="2"/>
        <line num="513" count="0" type="stmt"/>
        <line num="514" count="0" type="cond" truecount="0" falsecount="2"/>
        <line num="515" count="0" type="stmt"/>
        <line num="516" count="0" type="stmt"/>
        <line num="517" count="0" type="stmt"/>
        <line num="518" count="0" type="stmt"/>
        <line num="526" count="0" type="cond" truecount="0" falsecount="3"/>
        <line num="528" count="0" type="stmt"/>
        <line num="531" count="0" type="stmt"/>
        <line num="532" count="0" type="stmt"/>
        <line num="533" count="0" type="stmt"/>
        <line num="535" count="0" type="stmt"/>
        <line num="540" count="0" type="cond" truecount="0" falsecount="2"/>
        <line num="541" count="0" type="stmt"/>
        <line num="542" count="0" type="stmt"/>
        <line num="543" count="0" type="stmt"/>
        <line num="549" count="0" type="cond" truecount="0" falsecount="2"/>
        <line num="550" count="0" type="stmt"/>
        <line num="552" count="0" type="stmt"/>
        <line num="555" count="0" type="cond" truecount="0" falsecount="2"/>
        <line num="556" count="0" type="cond" truecount="0" falsecount="2"/>
        <line num="558" count="0" type="stmt"/>
        <line num="563" count="0" type="stmt"/>
        <line num="564" count="0" type="stmt"/>
        <line num="565" count="0" type="stmt"/>
        <line num="567" count="0" type="stmt"/>
        <line num="572" count="0" type="stmt"/>
        <line num="580" count="0" type="stmt"/>
        <line num="583" count="0" type="stmt"/>
        <line num="584" count="0" type="cond" truecount="0" falsecount="2"/>
        <line num="585" count="0" type="stmt"/>
        <line num="587" count="0" type="stmt"/>
        <line num="588" count="0" type="stmt"/>
        <line num="597" count="0" type="cond" truecount="0" falsecount="2"/>
        <line num="598" count="0" type="stmt"/>
        <line num="599" count="0" type="stmt"/>
        <line num="606" count="0" type="stmt"/>
        <line num="610" count="0" type="cond" truecount="0" falsecount="2"/>
        <line num="612" count="0" type="stmt"/>
        <line num="614" count="0" type="stmt"/>
        <line num="615" count="0" type="stmt"/>
        <line num="617" count="0" type="stmt"/>
        <line num="619" count="0" type="stmt"/>
        <line num="621" count="0" type="stmt"/>
        <line num="625" count="0" type="cond" truecount="0" falsecount="2"/>
        <line num="626" count="0" type="stmt"/>
        <line num="627" count="0" type="stmt"/>
        <line num="632" count="0" type="stmt"/>
        <line num="634" count="0" type="stmt"/>
        <line num="635" count="0" type="cond" truecount="0" falsecount="2"/>
        <line num="639" count="0" type="stmt"/>
        <line num="642" count="0" type="stmt"/>
        <line num="643" count="0" type="cond" truecount="0" falsecount="2"/>
        <line num="646" count="0" type="stmt"/>
        <line num="647" count="0" type="stmt"/>
        <line num="648" count="0" type="cond" truecount="0" falsecount="2"/>
        <line num="649" count="0" type="stmt"/>
        <line num="650" count="0" type="cond" truecount="0" falsecount="2"/>
        <line num="651" count="0" type="stmt"/>
        <line num="652" count="0" type="stmt"/>
        <line num="658" count="0" type="stmt"/>
        <line num="660" count="0" type="cond" truecount="0" falsecount="2"/>
        <line num="661" count="0" type="stmt"/>
        <line num="662" count="0" type="stmt"/>
        <line num="666" count="0" type="cond" truecount="0" falsecount="2"/>
        <line num="667" count="0" type="stmt"/>
        <line num="668" count="0" type="stmt"/>
        <line num="669" count="0" type="cond" truecount="0" falsecount="2"/>
        <line num="671" count="0" type="stmt"/>
        <line num="675" count="0" type="stmt"/>
        <line num="676" count="0" type="stmt"/>
        <line num="682" count="0" type="cond" truecount="0" falsecount="2"/>
        <line num="683" count="0" type="cond" truecount="0" falsecount="2"/>
        <line num="684" count="0" type="stmt"/>
        <line num="685" count="0" type="stmt"/>
        <line num="686" count="0" type="stmt"/>
        <line num="692" count="0" type="stmt"/>
        <line num="693" count="0" type="stmt"/>
        <line num="699" count="0" type="stmt"/>
        <line num="700" count="0" type="stmt"/>
        <line num="704" count="0" type="stmt"/>
        <line num="705" count="0" type="cond" truecount="0" falsecount="2"/>
        <line num="706" count="0" type="stmt"/>
        <line num="707" count="0" type="stmt"/>
        <line num="708" count="0" type="stmt"/>
        <line num="709" count="0" type="cond" truecount="0" falsecount="2"/>
        <line num="710" count="0" type="cond" truecount="0" falsecount="2"/>
        <line num="711" count="0" type="stmt"/>
        <line num="712" count="0" type="stmt"/>
        <line num="714" count="0" type="stmt"/>
        <line num="725" count="0" type="cond" truecount="0" falsecount="2"/>
        <line num="726" count="0" type="stmt"/>
        <line num="727" count="0" type="stmt"/>
        <line num="728" count="0" type="stmt"/>
        <line num="729" count="0" type="stmt"/>
        <line num="735" count="0" type="stmt"/>
        <line num="736" count="0" type="stmt"/>
        <line num="737" count="0" type="stmt"/>
        <line num="739" count="0" type="stmt"/>
        <line num="740" count="0" type="stmt"/>
        <line num="741" count="0" type="stmt"/>
        <line num="743" count="0" type="stmt"/>
        <line num="744" count="0" type="cond" truecount="0" falsecount="2"/>
        <line num="745" count="0" type="stmt"/>
        <line num="747" count="0" type="cond" truecount="0" falsecount="4"/>
        <line num="748" count="0" type="cond" truecount="0" falsecount="4"/>
        <line num="749" count="0" type="stmt"/>
        <line num="750" count="0" type="stmt"/>
        <line num="751" count="0" type="stmt"/>
        <line num="752" count="0" type="stmt"/>
        <line num="753" count="0" type="stmt"/>
        <line num="754" count="0" type="stmt"/>
        <line num="757" count="0" type="stmt"/>
        <line num="758" count="0" type="stmt"/>
        <line num="760" count="0" type="stmt"/>
        <line num="761" count="0" type="cond" truecount="0" falsecount="2"/>
        <line num="762" count="0" type="stmt"/>
        <line num="763" count="0" type="cond" truecount="0" falsecount="4"/>
        <line num="765" count="0" type="cond" truecount="0" falsecount="2"/>
        <line num="767" count="0" type="stmt"/>
        <line num="770" count="0" type="stmt"/>
        <line num="772" count="0" type="stmt"/>
        <line num="773" count="0" type="stmt"/>
        <line num="774" count="0" type="stmt"/>
        <line num="775" count="0" type="stmt"/>
        <line num="776" count="0" type="cond" truecount="0" falsecount="2"/>
        <line num="777" count="0" type="cond" truecount="0" falsecount="5"/>
        <line num="779" count="0" type="stmt"/>
        <line num="780" count="0" type="stmt"/>
        <line num="781" count="0" type="stmt"/>
        <line num="782" count="0" type="stmt"/>
        <line num="783" count="0" type="cond" truecount="0" falsecount="4"/>
        <line num="786" count="0" type="stmt"/>
        <line num="787" count="0" type="stmt"/>
        <line num="788" count="0" type="stmt"/>
        <line num="789" count="0" type="stmt"/>
        <line num="790" count="0" type="cond" truecount="0" falsecount="2"/>
        <line num="791" count="0" type="stmt"/>
        <line num="796" count="0" type="stmt"/>
        <line num="797" count="0" type="stmt"/>
        <line num="798" count="0" type="stmt"/>
        <line num="799" count="0" type="stmt"/>
        <line num="800" count="0" type="stmt"/>
        <line num="801" count="0" type="stmt"/>
        <line num="802" count="0" type="cond" truecount="0" falsecount="2"/>
        <line num="804" count="0" type="stmt"/>
        <line num="806" count="0" type="stmt"/>
        <line num="807" count="0" type="stmt"/>
        <line num="810" count="0" type="stmt"/>
        <line num="811" count="0" type="stmt"/>
        <line num="812" count="0" type="stmt"/>
        <line num="813" count="0" type="stmt"/>
        <line num="814" count="0" type="stmt"/>
        <line num="815" count="0" type="stmt"/>
        <line num="816" count="0" type="cond" truecount="0" falsecount="2"/>
        <line num="817" count="0" type="stmt"/>
        <line num="818" count="0" type="stmt"/>
        <line num="819" count="0" type="stmt"/>
        <line num="820" count="0" type="stmt"/>
        <line num="821" count="0" type="stmt"/>
        <line num="823" count="0" type="stmt"/>
        <line num="824" count="0" type="stmt"/>
        <line num="831" count="0" type="stmt"/>
        <line num="837" count="0" type="cond" truecount="0" falsecount="2"/>
        <line num="841" count="0" type="stmt"/>
[...]
        <line num="67" count="0" type="stmt"/>
        <line num="68" count="0" type="stmt"/>
        <line num="74" count="0" type="stmt"/>
        <line num="77" count="0" type="stmt"/>
        <line num="78" count="0" type="cond" truecount="0" falsecount="4"/>
        <line num="80" count="0" type="stmt"/>
        <line num="86" count="0" type="stmt"/>
        <line num="89" count="0" type="cond" truecount="0" falsecount="2"/>
        <line num="94" count="0" type="stmt"/>
        <line num="98" count="0" type="cond" truecount="0" falsecount="2"/>
        <line num="99" count="0" type="stmt"/>
        <line num="101" count="0" type="stmt"/>
        <line num="102" count="0" type="stmt"/>
        <line num="106" count="0" type="stmt"/>
        <line num="109" count="0" type="cond" truecount="0" falsecount="4"/>
        <line num="119" count="0" type="cond" truecount="0" falsecount="1"/>
        <line num="120" count="0" type="stmt"/>
        <line num="125" count="0" type="stmt"/>
        <line num="127" count="0" type="stmt"/>
        <line num="132" count="0" type="stmt"/>
        <line num="134" count="0" type="stmt"/>
        <line num="137" count="0" type="stmt"/>
        <line num="138" count="0" type="stmt"/>
        <line num="139" count="0" type="stmt"/>
        <line num="145" count="0" type="stmt"/>
        <line num="146" count="0" type="stmt"/>
        <line num="148" count="0" type="stmt"/>
        <line num="149" count="0" type="stmt"/>
        <line num="153" count="0" type="stmt"/>
        <line num="155" count="0" type="stmt"/>
        <line num="162" count="0" type="cond" truecount="0" falsecount="1"/>
        <line num="167" count="0" type="stmt"/>
        <line num="175" count="0" type="stmt"/>
        <line num="177" count="0" type="stmt"/>
        <line num="178" count="0" type="stmt"/>
        <line num="179" count="0" type="stmt"/>
        <line num="180" count="0" type="stmt"/>
        <line num="181" count="0" type="cond" truecount="0" falsecount="1"/>
        <line num="182" count="0" type="stmt"/>
        <line num="187" count="0" type="stmt"/>
        <line num="190" count="0" type="stmt"/>
        <line num="194" count="0" type="stmt"/>
      </file>
    </package>
    <package name="fronted.coverage.lcov-report">
      <metrics statements="120" coveredstatements="0" conditionals="329" coveredconditionals="0" methods="54" coveredmethods="0"/>
      <file name="block-navigation.js" path="/Users/macbook/Documents/auth-backend/fronted/coverage/lcov-report/block-navigation.js">
        <metrics statements="30" coveredstatements="0" conditionals="19" coveredconditionals="0" methods="6" coveredmethods="0"/>
        <line num="2" count="0" type="stmt"/>
        <line num="4" count="0" type="stmt"/>
        <line num="7" count="0" type="stmt"/>
        <line num="10" count="0" type="stmt"/>
        <line num="14" count="0" type="stmt"/>
        <line num="20" count="0" type="stmt"/>
        <line num="25" count="0" type="stmt"/>
        <line num="28" count="0" type="stmt"/>
        <line num="32" count="0" type="stmt"/>
        <line num="33" count="0" type="stmt"/>
        <line num="34" count="0" type="stmt"/>
        <line num="42" count="0" type="stmt"/>
        <line num="43" count="0" type="cond" truecount="0" falsecount="4"/>
        <line num="44" count="0" type="stmt"/>
        <line num="45" count="0" type="cond" truecount="0" falsecount="2"/>
        <line num="46" count="0" type="stmt"/>
        <line num="49" count="0" type="stmt"/>
        <line num="53" count="0" type="stmt"/>
        <line num="55" count="0" type="cond" truecount="0" falsecount="2"/>
        <line num="59" count="0" type="stmt"/>
        <line num="62" count="0" type="stmt"/>
        <line num="65" count="0" type="stmt"/>
        <line num="66" count="0" type="cond" truecount="0" falsecount="2"/>
        <line num="71" count="0" type="stmt"/>
        <line num="74" count="0" type="cond" truecount="0" falsecount="5"/>
        <line num="77" count="0" type="stmt"/>
        <line num="78" count="0" type="stmt"/>
        <line num="82" count="0" type="stmt"/>
        <line num="83" count="0" type="stmt"/>
        <line num="87" count="0" type="stmt"/>
      </file>
      <file name="prettify.js" path="/Users/macbook/Documents/auth-backend/fronted/coverage/lcov-report/prettify.js">
        <metrics statements="1" coveredstatements="0" conditionals="286" coveredconditionals="0" methods="29" coveredmethods="0"/>
        <line num="2" count="0" type="cond" truecount="0" falsecount="286"/>
      </file>
      <file name="sorter.js" path="/Users/macbook/Documents/auth-backend/fronted/coverage/lcov-report/sorter.js">
        <metrics statements="89" coveredstatements="0" conditionals="24" coveredconditionals="0" methods="19" coveredmethods="0"/>
        <line num="2" count="0" type="stmt"/>
        <line num="5" count="0" type="stmt"/>
        <line num="12" count="0" type="stmt"/>
        <line num="16" count="0" type="stmt"/>
        <line num="20" count="0" type="stmt"/>
        <line num="24" count="0" type="stmt"/>
        <line num="28" count="0" type="stmt"/>
        <line num="29" count="0" type="stmt"/>
        <line num="30" count="0" type="stmt"/>
        <line num="31" count="0" type="stmt"/>
        <line num="32" count="0" type="cond" truecount="0" falsecount="2"/>
        <line num="37" count="0" type="stmt"/>
        <line num="39" count="0" type="stmt"/>
        <line num="46" count="0" type="stmt"/>
        <line num="47" count="0" type="stmt"/>
        <line num="48" count="0" type="stmt"/>
        <line num="49" count="0" type="stmt"/>
        <line num="54" count="0" type="stmt"/>
        <line num="56" count="0" type="stmt"/>
        <line num="60" count="0" type="stmt"/>
        <line num="61" count="0" type="stmt"/>
        <line num="62" count="0" type="stmt"/>
        <line num="67" count="0" type="stmt"/>
        <line num="68" count="0" type="cond" truecount="0" falsecount="2"/>
        <line num="69" count="0" type="stmt"/>
        <line num="70" count="0" type="stmt"/>
        <line num="74" count="0" type="stmt"/>
        <line num="79" count="0" type="stmt"/>
        <line num="82" count="0" type="stmt"/>
        <line num="85" count="0" type="stmt"/>
        <line num="86" count="0" type="stmt"/>
        <line num="87" count="0" type="stmt"/>
        <line num="88" count="0" type="stmt"/>
        <line num="89" count="0" type="cond" truecount="0" falsecount="2"/>
        <line num="90" count="0" type="stmt"/>
        <line num="92" count="0" type="stmt"/>
        <line num="94" count="0" type="stmt"/>
        <line num="98" count="0" type="stmt"/>
        <line num="101" count="0" type="stmt"/>
        <line num="102" count="0" type="stmt"/>
        <line num="107" count="0" type="stmt"/>
        <line num="108" count="0" type="stmt"/>
        <line num="109" count="0" type="stmt"/>
        <line num="110" count="0" type="stmt"/>
        <line num="111" count="0" type="cond" truecount="0" falsecount="4"/>
        <line num="113" count="0" type="stmt"/>
        <line num="114" count="0" type="stmt"/>
        <line num="115" count="0" type="stmt"/>
        <line num="116" count="0" type="stmt"/>
        <line num="119" count="0" type="cond" truecount="0" falsecount="2"/>
        <line num="120" count="0" type="stmt"/>
        <line num="121" count="0" type="stmt"/>
        <line num="125" count="0" type="stmt"/>
        <line num="126" count="0" type="stmt"/>
        <line num="127" count="0" type="stmt"/>
        <line num="130" count="0" type="stmt"/>
        <line num="132" count="0" type="stmt"/>
        <line num="133" count="0" type="stmt"/>
        <line num="138" count="0" type="stmt"/>
        <line num="139" count="0" type="stmt"/>
        <line num="141" count="0" type="stmt"/>
        <line num="142" count="0" type="stmt"/>
        <line num="146" count="0" type="cond" truecount="0" falsecount="2"/>
        <line num="154" count="0" type="stmt"/>
        <line num="155" count="0" type="stmt"/>
        <line num="157" count="0" type="stmt"/>
        <line num="158" count="0" type="stmt"/>
        <line num="160" count="0" type="cond" truecount="0" falsecount="2"/>
        <line num="161" count="0" type="stmt"/>
        <line num="163" count="0" type="stmt"/>
        <line num="164" count="0" type="stmt"/>
        <line num="165" count="0" type="stmt"/>
        <line num="166" count="0" type="stmt"/>
        <line num="167" count="0" type="stmt"/>
        <line num="170" count="0" type="stmt"/>
        <line num="171" count="0" type="cond" truecount="0" falsecount="2"/>
        <line num="174" count="0" type="stmt"/>
        <line num="175" count="0" type="cond" truecount="0" falsecount="2"/>
        <line num="176" count="0" type="stmt"/>
        <line num="178" count="0" type="stmt"/>
        <line num="184" count="0" type="stmt"/>
        <line num="185" count="0" type="cond" truecount="0" falsecount="2"/>
        <line num="186" count="0" type="stmt"/>
        <line num="188" count="0" type="stmt"/>
        <line num="189" count="0" type="stmt"/>
        <line num="190" count="0" type="stmt"/>
        <line num="191" count="0" type="stmt"/>
        <line num="192" count="0" type="stmt"/>
        <line num="196" count="0" type="stmt"/>
      </file>
    </package>
    <package name="fronted.hooks">
      <metrics statements="66" coveredstatements="0" conditionals="16" coveredconditionals="0" methods="22" coveredmethods="0"/>
      <file name="use-mobile.tsx" path="/Users/macbook/Documents/auth-backend/fronted/hooks/use-mobile.tsx">
        <metrics statements="12" coveredstatements="0" conditionals="0" coveredconditionals="0" methods="4" coveredmethods="0"/>
        <line num="1" count="0" type="stmt"/>
        <line num="3" count="0" type="stmt"/>
        <line num="5" count="0" type="stmt"/>
        <line num="6" count="0" type="stmt"/>
        <line num="8" count="0" type="stmt"/>
        <line num="9" count="0" type="stmt"/>
        <line num="10" count="0" type="stmt"/>
        <line num="11" count="0" type="stmt"/>
        <line num="13" count="0" type="stmt"/>
        <line num="14" count="0" type="stmt"/>
        <line num="15" count="0" type="stmt"/>
        <line num="18" count="0" type="stmt"/>
      </file>
      <file name="use-toast.ts" path="/Users/macbook/Documents/auth-backend/fronted/hooks/use-toast.ts">
        <metrics statements="54" coveredstatements="0" conditionals="16" coveredconditionals="0" methods="18" coveredmethods="0"/>
        <line num="4" count="0" type="stmt"/>
        <line num="11" count="0" type="stmt"/>
        <line num="12" count="0" type="stmt"/>
        <line num="21" count="0" type="stmt"/>
        <line num="28" count="0" type="stmt"/>
        <line num="31" count="0" type="stmt"/>
        <line num="32" count="0" type="stmt"/>
        <line num="59" count="0" type="stmt"/>
        <line num="61" count="0" type="stmt"/>
        <line num="62" count="0" type="cond" truecount="0" falsecount="1"/>
        <line num="63" count="0" type="stmt"/>
        <line num="66" count="0" type="stmt"/>
        <line num="67" count="0" type="stmt"/>
        <line num="68" count="0" type="stmt"/>
        <line num="74" count="0" type="stmt"/>
        <line num="77" count="0" type="stmt"/>
        <line num="78" count="0" type="cond" truecount="0" falsecount="4"/>
        <line num="80" count="0" type="stmt"/>
        <line num="86" count="0" type="stmt"/>
        <line num="89" count="0" type="cond" truecount="0" falsecount="2"/>
        <line num="94" count="0" type="stmt"/>
        <line num="98" count="0" type="cond" truecount="0" falsecount="2"/>
        <line num="99" count="0" type="stmt"/>
        <line num="101" count="0" type="stmt"/>
        <line num="102" count="0" type="stmt"/>
        <line num="106" count="0" type="stmt"/>
        <line num="109" count="0" type="cond" truecount="0" falsecount="4"/>
        <line num="119" count="0" type="cond" truecount="0" falsecount="1"/>
        <line num="120" count="0" type="stmt"/>
        <line num="125" count="0" type="stmt"/>
        <line num="127" count="0" type="stmt"/>
        <line num="132" count="0" type="stmt"/>
        <line num="134" count="0" type="stmt"/>
        <line num="137" count="0" type="stmt"/>
        <line num="138" count="0" type="stmt"/>
        <line num="139" count="0" type="stmt"/>
        <line num="145" count="0" type="stmt"/>
        <line num="146" count="0" type="stmt"/>
        <line num="148" count="0" type="stmt"/>
        <line num="149" count="0" type="stmt"/>
        <line num="153" count="0" type="stmt"/>
        <line num="155" count="0" type="stmt"/>
        <line num="162" count="0" type="cond" truecount="0" falsecount="1"/>
        <line num="167" count="0" type="stmt"/>
        <line num="175" count="0" type="stmt"/>
        <line num="177" count="0" type="stmt"/>
        <line num="178" count="0" type="stmt"/>
        <line num="179" count="0" type="stmt"/>
        <line num="180" count="0" type="stmt"/>
        <line num="181" count="0" type="cond" truecount="0" falsecount="1"/>
        <line num="182" count="0" type="stmt"/>
        <line num="187" count="0" type="stmt"/>
        <line num="190" count="0" type="stmt"/>
        <line num="194" count="0" type="stmt"/>
      </file>
    </package>
    <package name="fronted.lib">
      <metrics statements="4" coveredstatements="0" conditionals="0" coveredconditionals="0" methods="1" coveredmethods="0"/>
      <file name="utils.ts" path="/Users/macbook/Documents/auth-backend/fronted/lib/utils.ts">
        <metrics statements="4" coveredstatements="0" conditionals="0" coveredconditionals="0" methods="1" coveredmethods="0"/>
        <line num="1" count="0" type="stmt"/>
        <line num="2" count="0" type="stmt"/>
        <line num="4" count="0" type="stmt"/>
        <line num="5" count="0" type="stmt"/>
      </file>
    </package>
    <package name="fronted.store">
      <metrics statements="91" coveredstatements="0" conditionals="21" coveredconditionals="0" methods="20" coveredmethods="0"/>
      <file name="authApi.ts" path="/Users/macbook/Documents/auth-backend/fronted/store/authApi.ts">
        <metrics statements="42" coveredstatements="0" conditionals="11" coveredconditionals="0" methods="10" coveredmethods="0"/>
        <line num="1" count="0" type="stmt"/>
        <line num="3" count="0" type="stmt"/>
        <line num="39" count="0" type="cond" truecount="0" falsecount="2"/>
        <line num="42" count="0" type="stmt"/>
        <line num="46" count="0" type="stmt"/>
        <line num="47" count="0" type="cond" truecount="0" falsecount="1"/>
        <line num="48" count="0" type="stmt"/>
        <line num="50" count="0" type="stmt"/>
        <line num="55" count="0" type="stmt"/>
        <line num="56" count="0" type="stmt"/>
        <line num="58" count="0" type="cond" truecount="0" falsecount="2"/>
        <line num="60" count="0" type="cond" truecount="0" falsecount="3"/>
        <line num="62" count="0" type="cond" truecount="0" falsecount="1"/>
        <line num="63" count="0" type="stmt"/>
        <line num="64" count="0" type="stmt"/>
        <line num="65" count="0" type="stmt"/>
        <line num="68" count="0" type="stmt"/>
        <line num="69" count="0" type="stmt"/>
        <line num="71" count="0" type="cond" truecount="0" falsecount="2"/>
        <line num="72" count="0" type="stmt"/>
        <line num="73" count="0" type="stmt"/>
        <line num="74" count="0" type="stmt"/>
        <line num="77" count="0" type="stmt"/>
        <line num="78" count="0" type="stmt"/>
        <line num="80" count="0" type="stmt"/>
        <line num="81" count="0" type="stmt"/>
        <line num="85" count="0" type="stmt"/>
        <line num="88" count="0" type="stmt"/>
        <line num="92" count="0" type="stmt"/>
        <line num="94" count="0" type="stmt"/>
        <line num="101" count="0" type="stmt"/>
        <line num="107" count="0" type="stmt"/>
        <line num="112" count="0" type="stmt"/>
        <line num="113" count="0" type="stmt"/>
        <line num="114" count="0" type="stmt"/>
        <line num="115" count="0" type="stmt"/>
        <line num="116" count="0" type="stmt"/>
        <line num="118" count="0" type="stmt"/>
        <line num="120" count="0" type="stmt"/>
        <line num="126" count="0" type="stmt"/>
        <line num="127" count="0" type="stmt"/>
        <line num="134" count="0" type="stmt"/>
      </file>
      <file name="authMiddleware.ts" path="/Users/macbook/Documents/auth-backend/fronted/store/authMiddleware.ts">
        <metrics statements="18" coveredstatements="0" conditionals="9" coveredconditionals="0" methods="2" coveredmethods="0"/>
        <line num="1" count="0" type="stmt"/>
        <line num="3" count="0" type="stmt"/>
        <line num="4" count="0" type="stmt"/>
        <line num="7" count="0" type="stmt"/>
        <line num="10" count="0" type="stmt"/>
        <line num="12" count="0" type="stmt"/>
        <line num="14" count="0" type="stmt"/>
        <line num="16" count="0" type="cond" truecount="0" falsecount="7"/>
        <line num="17" count="0" type="stmt"/>
        <line num="19" count="0" type="stmt"/>
        <line num="21" count="0" type="stmt"/>
        <line num="23" count="0" type="cond" truecount="0" falsecount="2"/>
        <line num="26" count="0" type="stmt"/>
        <line num="29" count="0" type="stmt"/>
        <line num="31" count="0" type="stmt"/>
        <line num="35" count="0" type="stmt"/>
        <line num="36" count="0" type="stmt"/>
        <line num="38" count="0" type="stmt"/>
      </file>
      <file name="authSlice.ts" path="/Users/macbook/Documents/auth-backend/fronted/store/authSlice.ts">
        <metrics statements="20" coveredstatements="0" conditionals="1" coveredconditionals="0" methods="6" coveredmethods="0"/>
        <line num="1" count="0" type="stmt"/>
        <line num="2" count="0" type="stmt"/>
        <line num="14" count="0" type="stmt"/>
        <line num="20" count="0" type="stmt"/>
        <line num="25" count="0" type="stmt"/>
        <line num="26" count="0" type="cond" truecount="0" falsecount="1"/>
        <line num="27" count="0" type="stmt"/>
        <line num="29" count="0" type="stmt"/>
        <line num="32" count="0" type="stmt"/>
        <line num="33" count="0" type="stmt"/>
        <line num="34" count="0" type="stmt"/>
        <line num="38" count="0" type="stmt"/>
        <line num="41" count="0" type="stmt"/>
        <line num="44" count="0" type="stmt"/>
        <line num="45" count="0" type="stmt"/>
        <line num="48" count="0" type="stmt"/>
        <line num="49" count="0" type="stmt"/>
        <line num="50" count="0" type="stmt"/>
        <line num="55" count="0" type="stmt"/>
        <line num="56" count="0" type="stmt"/>
      </file>
      <file name="index.ts" path="/Users/macbook/Documents/auth-backend/fronted/store/index.ts">
        <metrics statements="5" coveredstatements="0" conditionals="0" coveredconditionals="0" methods="1" coveredmethods="0"/>
        <line num="1" count="0" type="stmt"/>
        <line num="2" count="0" type="stmt"/>
        <line num="3" count="0" type="stmt"/>
        <line num="5" count="0" type="stmt"/>
        <line num="10" count="0" type="stmt"/>
      </file>
      <file name="store.ts" path="/Users/macbook/Documents/auth-backend/fronted/store/store.ts">
        <metrics statements="6" coveredstatements="0" conditionals="0" coveredconditionals="0" methods="1" coveredmethods="0"/>
        <line num="1" count="0" type="stmt"/>
        <line num="2" count="0" type="stmt"/>
        <line num="3" count="0" type="stmt"/>
        <line num="4" count="0" type="stmt"/>
        <line num="6" count="0" type="stmt"/>
        <line num="12" count="0" type="stmt"/>
      </file>
    </package>
  </project>
</coverage>
